<?xml version="1.0" encoding="UTF-8"?>
<testng-results ignored="0" total="1" passed="1" failed="0" skipped="0">
  <reporter-output>
  </reporter-output>
  <suite started-at="2023-08-17T01:50:25Z" name="Default suite" finished-at="2023-08-17T01:50:26Z" duration-ms="1178">
    <groups>
    </groups>
    <test started-at="2023-08-17T01:50:25Z" name="Default test" finished-at="2023-08-17T01:50:26Z" duration-ms="1178">
      <class name="loginTestcases.TC_01_Login">
        <test-method is-config="true" signature="startWebDriver()[pri:0, instance:loginTestcases.TC_01_Login@8ff5094]" started-at="2023-08-16T19:50:25Z" name="startWebDriver" finished-at="2023-08-16T19:50:26Z" duration-ms="728" status="PASS">
          <reporter-output>
          </reporter-output>
        </test-method> <!-- startWebDriver -->
        <test-method signature="TC_01()[pri:0, instance:loginTestcases.TC_01_Login@8ff5094]" started-at="2023-08-16T19:50:26Z" name="TC_01" finished-at="2023-08-16T19:50:26Z" duration-ms="361" status="PASS">
          <reporter-output>
          </reporter-output>
        </test-method> <!-- TC_01 -->
        <test-method is-config="true" signature="closeDriver()[pri:0, instance:loginTestcases.TC_01_Login@8ff5094]" started-at="2023-08-16T19:50:26Z" name="closeDriver" finished-at="2023-08-16T19:50:26Z" duration-ms="70" status="PASS">
          <reporter-output>
          </reporter-output>
        </test-method> <!-- closeDriver -->
      </class> <!-- loginTestcases.TC_01_Login -->
    </test> <!-- Default test -->
  </suite> <!-- Default suite -->
</testng-results>
